{"level":"debug","message":"Initializing...","module":"base","timestamp":"2023-07-31T19:45:43.018Z"}
{"level":"debug","message":"Initialized Boot controller","module":"base","timestamp":"2023-07-31T19:45:43.024Z"}
{"level":"debug","message":"Initialized User controller","module":"base","timestamp":"2023-07-31T19:45:43.025Z"}
{"level":"debug","message":"Initialized Cash controller","module":"base","timestamp":"2023-07-31T19:45:43.025Z"}
{"level":"debug","message":"Initialized Invoice controller","module":"base","timestamp":"2023-07-31T19:45:43.026Z"}
{"level":"debug","message":"Initialized Account controller","module":"base","timestamp":"2023-07-31T19:45:43.026Z"}
{"level":"debug","message":"Initialized Transaction controller","module":"base","timestamp":"2023-07-31T19:45:43.027Z"}
{"level":"debug","message":"Initialized Broadcast controller","module":"base","timestamp":"2023-07-31T19:45:43.027Z"}
{"level":"debug","message":"Loading language from config: en","module":"i18n","timestamp":"2023-07-31T19:45:43.027Z"}
{"level":"debug","message":"Checking database connection ..","module":"boot","timestamp":"2023-07-31T19:45:50.324Z"}
{"level":"debug","message":"Connected to database.","module":"boot","timestamp":"2023-07-31T19:45:50.465Z"}
{"level":"info","message":"Framework integration is enabled.","module":"boot","timestamp":"2023-07-31T19:45:50.465Z"}
{"level":"debug","message":"Verifying exports ..","module":"boot","timestamp":"2023-07-31T19:45:50.466Z"}
{"level":"debug","message":"Checking exports from resource: qb-pefcl","module":"frameworkIntegration","timestamp":"2023-07-31T19:45:50.466Z"}
{"level":"info","message":"Starting pefcl.","module":"boot","timestamp":"2023-07-31T19:45:50.468Z"}
{"level":"debug","message":"Loading player for pefcl.","module":"user","timestamp":"2023-07-31T19:47:02.183Z"}
{"level":"debug","message":{"identifier":"WMS95917","name":"Aidan Test","source":1},"module":"user","timestamp":"2023-07-31T19:47:02.183Z"}
{"level":"debug","message":"Player loaded. Emitting: pefcl:userLoaded","module":"user","timestamp":"2023-07-31T19:47:02.187Z"}
{"level":"silly","message":"Checking if default account exists for source: 1","module":"accounts","timestamp":"2023-07-31T19:47:02.219Z"}
{"level":"silly","message":"Identifier: WMS95917","module":"accounts","timestamp":"2023-07-31T19:47:02.220Z"}
{"level":"info","message":"Syncing initial bank balance from framework.","module":"accounts","timestamp":"2023-07-31T19:47:02.223Z"}
{"level":"debug","message":"Checking exports from resource: qb-pefcl","module":"frameworkIntegration","timestamp":"2023-07-31T19:47:02.224Z"}
{"level":"info","message":"Moving bank balance from export to initial account.","module":"accounts","timestamp":"2023-07-31T19:47:02.225Z"}
{"level":"info","message":{"balance":0,"identifier":"WMS95917"},"module":"accounts","timestamp":"2023-07-31T19:47:02.225Z"}
{"level":"debug","message":"Creating initial account .. ","module":"accounts","timestamp":"2023-07-31T19:47:02.226Z"}
{"level":"silly","message":"Broadcasting new balance for default account ..","module":"broadcastService","timestamp":"2023-07-31T19:47:02.300Z"}
{"level":"silly","message":"Broadcasted new balance for default account!","module":"broadcastService","timestamp":"2023-07-31T19:47:02.300Z"}
{"level":"silly","message":{"balance":0,"identifier":"WMS95917","source":1},"module":"broadcastService","timestamp":"2023-07-31T19:47:02.301Z"}
{"level":"silly","message":"Broadcasting new balance for account ..","module":"broadcastService","timestamp":"2023-07-31T19:47:02.301Z"}
{"level":"silly","message":"Broadcasted new balance for personal account:","module":"broadcastService","timestamp":"2023-07-31T19:47:02.302Z"}
{"level":"silly","message":{"balance":0,"identifier":"WMS95917","source":1},"module":"broadcastService","timestamp":"2023-07-31T19:47:02.302Z"}
{"level":"debug","message":"Successfully created initial account.","module":"accounts","timestamp":"2023-07-31T19:47:02.303Z"}
{"level":"silly","message":"netPromise > pefcl:getAccounts > RequestObj","module":"events","timestamp":"2023-07-31T19:47:02.520Z"}
{"level":"silly","message":{"data":null,"source":1},"module":"events","timestamp":"2023-07-31T19:47:02.520Z"}
{"level":"debug","message":"Retrieving accounts","module":"accounts","timestamp":"2023-07-31T19:47:02.521Z"}
{"level":"silly","message":"Response Promise Event pefcl:getAccounts:84548708-c27b-4151-99a3-8722fc91fc26 (18.1325ms), Data >>","module":"events","timestamp":"2023-07-31T19:47:02.538Z"}
{"level":"silly","message":{"data":[{"accountName":"Personal account","balance":0,"createdAt":"31/07/2023, 20:47:02","deletedAt":null,"id":1,"isDefault":true,"number":"920,0602-0734-2344","ownerIdentifier":"WMS95917","role":"owner","type":"personal","updatedAt":"2023-07-31T19:47:02.000Z"}],"status":"ok"},"module":"events","timestamp":"2023-07-31T19:47:02.539Z"}
{"level":"silly","message":"netPromise > pefcl:getInvoices > RequestObj","module":"events","timestamp":"2023-07-31T19:47:14.248Z"}
{"level":"silly","message":{"data":{"invoices":[],"limit":10,"offset":0,"total":0,"totalUnpaid":0},"source":1},"module":"events","timestamp":"2023-07-31T19:47:14.249Z"}
{"level":"silly","message":"Fetching user invoices ..","module":"invoice-service","timestamp":"2023-07-31T19:47:14.250Z"}
{"level":"silly","message":"netPromise > pefcl:getAccounts > RequestObj","module":"events","timestamp":"2023-07-31T19:47:14.254Z"}
{"level":"silly","message":{"data":null,"source":1},"module":"events","timestamp":"2023-07-31T19:47:14.255Z"}
{"level":"debug","message":"Retrieving accounts","module":"accounts","timestamp":"2023-07-31T19:47:14.256Z"}
{"level":"silly","message":"Response Promise Event pefcl:getAccounts:de22b627-782f-403c-a9bc-f528d68c5304 (24.7452ms), Data >>","module":"events","timestamp":"2023-07-31T19:47:14.279Z"}
{"level":"silly","message":{"data":[{"accountName":"Personal account","balance":0,"createdAt":"31/07/2023, 20:47:02","deletedAt":null,"id":1,"isDefault":true,"number":"920,0602-0734-2344","ownerIdentifier":"WMS95917","role":"owner","type":"personal","updatedAt":"2023-07-31T19:47:02.000Z"}],"status":"ok"},"module":"events","timestamp":"2023-07-31T19:47:14.281Z"}
{"level":"silly","message":"Response Promise Event pefcl:getInvoices:02834ce6-f2de-445a-8124-93bcb1b22b85 (37.3372ms), Data >>","module":"events","timestamp":"2023-07-31T19:47:14.286Z"}
{"level":"silly","message":{"data":{"invoices":[],"limit":10,"offset":0,"total":0,"totalUnpaid":0},"status":"ok"},"module":"events","timestamp":"2023-07-31T19:47:14.287Z"}
{"level":"silly","message":"netPromise > pefcl:getAccounts > RequestObj","module":"events","timestamp":"2023-07-31T19:47:14.398Z"}
{"level":"silly","message":{"data":null,"source":1},"module":"events","timestamp":"2023-07-31T19:47:14.400Z"}
{"level":"debug","message":"Retrieving accounts","module":"accounts","timestamp":"2023-07-31T19:47:14.401Z"}
{"level":"silly","message":"netPromise > pefcl:getTransactions > RequestObj","module":"events","timestamp":"2023-07-31T19:47:14.402Z"}
{"level":"silly","message":{"data":{"limit":5,"offset":0},"source":1},"module":"events","timestamp":"2023-07-31T19:47:14.403Z"}
{"level":"silly","message":"Getting transactions","module":"transactionService","timestamp":"2023-07-31T19:47:14.406Z"}
{"level":"silly","message":{"data":{"limit":5,"offset":0},"source":1},"module":"transactionService","timestamp":"2023-07-31T19:47:14.407Z"}
{"level":"silly","message":"Response Promise Event pefcl:getAccounts:cc45c8ad-3567-410b-afad-f3e1708573e4 (28.0782ms), Data >>","module":"events","timestamp":"2023-07-31T19:47:14.426Z"}
{"level":"silly","message":{"data":[{"accountName":"Personal account","balance":0,"createdAt":"31/07/2023, 20:47:02","deletedAt":null,"id":1,"isDefault":true,"number":"920,0602-0734-2344","ownerIdentifier":"WMS95917","role":"owner","type":"personal","updatedAt":"2023-07-31T19:47:02.000Z"}],"status":"ok"},"module":"events","timestamp":"2023-07-31T19:47:14.427Z"}
{"level":"silly","message":"Returned total of 0 transactions.","module":"transactionService","timestamp":"2023-07-31T19:47:14.437Z"}
{"level":"silly","message":"Response Promise Event pefcl:getTransactions:e1864ccb-024b-43f2-a6a8-3a2e1b186445 (35.9186ms), Data >>","module":"events","timestamp":"2023-07-31T19:47:14.438Z"}
{"level":"silly","message":{"data":{"limit":5,"offset":0,"total":0,"transactions":[]},"status":"ok"},"module":"events","timestamp":"2023-07-31T19:47:14.439Z"}
{"level":"silly","message":"netPromise > pefcl:getTransactions > RequestObj","module":"events","timestamp":"2023-07-31T19:47:14.448Z"}
{"level":"silly","message":{"data":{"limit":5,"offset":0},"source":1},"module":"events","timestamp":"2023-07-31T19:47:14.449Z"}
{"level":"silly","message":"Getting transactions","module":"transactionService","timestamp":"2023-07-31T19:47:14.449Z"}
{"level":"silly","message":{"data":{"limit":5,"offset":0},"source":1},"module":"transactionService","timestamp":"2023-07-31T19:47:14.450Z"}
{"level":"silly","message":"Returned total of 0 transactions.","module":"transactionService","timestamp":"2023-07-31T19:47:14.469Z"}
{"level":"silly","message":"Response Promise Event pefcl:getTransactions:4c3d325b-dd91-4871-8766-6658d76135ee (22.1481ms), Data >>","module":"events","timestamp":"2023-07-31T19:47:14.470Z"}
{"level":"silly","message":{"data":{"limit":5,"offset":0,"total":0,"transactions":[]},"status":"ok"},"module":"events","timestamp":"2023-07-31T19:47:14.470Z"}
{"level":"silly","message":"netPromise > pefcl:getExternalAccount > RequestObj","module":"events","timestamp":"2023-07-31T19:47:21.487Z"}
{"level":"silly","message":{"data":null,"source":1},"module":"events","timestamp":"2023-07-31T19:47:21.487Z"}
{"level":"silly","message":"Response Promise Event pefcl:getExternalAccount:8acb428d-b4f7-44a7-852c-283e26e794cb (4.8206ms), Data >>","module":"events","timestamp":"2023-07-31T19:47:21.491Z"}
{"level":"silly","message":{"data":[],"status":"ok"},"module":"events","timestamp":"2023-07-31T19:47:21.492Z"}
{"level":"silly","message":"netPromise > pefcl:getTransactions > RequestObj","module":"events","timestamp":"2023-07-31T19:47:21.587Z"}
{"level":"silly","message":{"data":{"limit":10,"offset":0,"total":0,"transactions":[]},"source":1},"module":"events","timestamp":"2023-07-31T19:47:21.588Z"}
{"level":"silly","message":"Getting transactions","module":"transactionService","timestamp":"2023-07-31T19:47:21.589Z"}
{"level":"silly","message":{"data":{"limit":10,"offset":0,"total":0,"transactions":[]},"source":1},"module":"transactionService","timestamp":"2023-07-31T19:47:21.589Z"}
{"level":"silly","message":"Returned total of 0 transactions.","module":"transactionService","timestamp":"2023-07-31T19:47:21.601Z"}
{"level":"silly","message":"Response Promise Event pefcl:getTransactions:cd462d5d-5ebc-4b6f-b948-9cd61895ee95 (14.5552ms), Data >>","module":"events","timestamp":"2023-07-31T19:47:21.602Z"}
{"level":"silly","message":{"data":{"limit":10,"offset":0,"total":0,"transactions":[]},"status":"ok"},"module":"events","timestamp":"2023-07-31T19:47:21.602Z"}
{"level":"silly","message":"netPromise > pefcl:getAccounts > RequestObj","module":"events","timestamp":"2023-07-31T19:47:22.793Z"}
{"level":"silly","message":{"data":null,"source":1},"module":"events","timestamp":"2023-07-31T19:47:22.794Z"}
{"level":"debug","message":"Retrieving accounts","module":"accounts","timestamp":"2023-07-31T19:47:22.794Z"}
{"level":"silly","message":"netPromise > pefcl:getTransactions > RequestObj","module":"events","timestamp":"2023-07-31T19:47:22.796Z"}
{"level":"silly","message":{"data":{"limit":5,"offset":0},"source":1},"module":"events","timestamp":"2023-07-31T19:47:22.798Z"}
{"level":"silly","message":"Getting transactions","module":"transactionService","timestamp":"2023-07-31T19:47:22.798Z"}
{"level":"silly","message":{"data":{"limit":5,"offset":0},"source":1},"module":"transactionService","timestamp":"2023-07-31T19:47:22.799Z"}
{"level":"silly","message":"netPromise > pefcl:getTransactions > RequestObj","module":"events","timestamp":"2023-07-31T19:47:22.800Z"}
{"level":"silly","message":{"data":{"limit":5,"offset":0},"source":1},"module":"events","timestamp":"2023-07-31T19:47:22.801Z"}
{"level":"silly","message":"Getting transactions","module":"transactionService","timestamp":"2023-07-31T19:47:22.801Z"}
{"level":"silly","message":{"data":{"limit":5,"offset":0},"source":1},"module":"transactionService","timestamp":"2023-07-31T19:47:22.802Z"}
{"level":"silly","message":"Response Promise Event pefcl:getAccounts:36181b49-f560-4258-b0fc-57b57987b992 (26.9576ms), Data >>","module":"events","timestamp":"2023-07-31T19:47:22.820Z"}
{"level":"silly","message":{"data":[{"accountName":"Personal account","balance":0,"createdAt":"31/07/2023, 20:47:02","deletedAt":null,"id":1,"isDefault":true,"number":"920,0602-0734-2344","ownerIdentifier":"WMS95917","role":"owner","type":"personal","updatedAt":"2023-07-31T19:47:02.000Z"}],"status":"ok"},"module":"events","timestamp":"2023-07-31T19:47:22.820Z"}
{"level":"silly","message":"Returned total of 0 transactions.","module":"transactionService","timestamp":"2023-07-31T19:47:22.836Z"}
{"level":"silly","message":"Response Promise Event pefcl:getTransactions:755cd4af-c564-4818-a7c3-befe04a0fafc (41.0049ms), Data >>","module":"events","timestamp":"2023-07-31T19:47:22.837Z"}
{"level":"silly","message":{"data":{"limit":5,"offset":0,"total":0,"transactions":[]},"status":"ok"},"module":"events","timestamp":"2023-07-31T19:47:22.837Z"}
{"level":"silly","message":"Returned total of 0 transactions.","module":"transactionService","timestamp":"2023-07-31T19:47:22.840Z"}
{"level":"silly","message":"Response Promise Event pefcl:getTransactions:a7adec3e-9593-46a9-83b7-0350f8fe9997 (40.5326ms), Data >>","module":"events","timestamp":"2023-07-31T19:47:22.841Z"}
{"level":"silly","message":{"data":{"limit":5,"offset":0,"total":0,"transactions":[]},"status":"ok"},"module":"events","timestamp":"2023-07-31T19:47:22.841Z"}
{"level":"silly","message":"Setting money to 999999 for 1 ..","module":"accounts","timestamp":"2023-07-31T19:47:44.991Z"}
{"level":"silly","message":"Broadcasting new balance for default account ..","module":"broadcastService","timestamp":"2023-07-31T19:47:45.032Z"}
{"level":"silly","message":"Broadcasted new balance for default account!","module":"broadcastService","timestamp":"2023-07-31T19:47:45.032Z"}
{"level":"silly","message":{"balance":999999,"identifier":"WMS95917","source":1},"module":"broadcastService","timestamp":"2023-07-31T19:47:45.033Z"}
{"level":"silly","message":"Broadcasting new balance for account ..","module":"broadcastService","timestamp":"2023-07-31T19:47:45.033Z"}
{"level":"silly","message":"Broadcasted new balance for personal account:","module":"broadcastService","timestamp":"2023-07-31T19:47:45.033Z"}
{"level":"silly","message":{"balance":999999,"identifier":"WMS95917","source":1},"module":"broadcastService","timestamp":"2023-07-31T19:47:45.034Z"}
{"level":"silly","message":"netPromise > pefcl:getInvoices > RequestObj","module":"events","timestamp":"2023-07-31T19:47:50.882Z"}
{"level":"silly","message":{"data":{"invoices":[],"limit":10,"offset":0,"total":0,"totalUnpaid":0},"source":1},"module":"events","timestamp":"2023-07-31T19:47:50.883Z"}
{"level":"silly","message":"Fetching user invoices ..","module":"invoice-service","timestamp":"2023-07-31T19:47:50.884Z"}
{"level":"silly","message":"netPromise > pefcl:getAccounts > RequestObj","module":"events","timestamp":"2023-07-31T19:47:50.886Z"}
{"level":"silly","message":{"data":null,"source":1},"module":"events","timestamp":"2023-07-31T19:47:50.887Z"}
{"level":"debug","message":"Retrieving accounts","module":"accounts","timestamp":"2023-07-31T19:47:50.888Z"}
{"level":"silly","message":"Response Promise Event pefcl:getAccounts:0750f1aa-b8ef-496c-b1b8-d6925e527439 (13.6769ms), Data >>","module":"events","timestamp":"2023-07-31T19:47:50.900Z"}
{"level":"silly","message":{"data":[{"accountName":"Personal account","balance":999999,"createdAt":"31/07/2023, 20:47:02","deletedAt":null,"id":1,"isDefault":true,"number":"920,0602-0734-2344","ownerIdentifier":"WMS95917","role":"owner","type":"personal","updatedAt":"2023-07-31T19:47:44.000Z"}],"status":"ok"},"module":"events","timestamp":"2023-07-31T19:47:50.900Z"}
{"level":"silly","message":"Response Promise Event pefcl:getInvoices:d784f397-5b15-4707-8d78-0718fa7f7f6b (18.8881ms), Data >>","module":"events","timestamp":"2023-07-31T19:47:50.901Z"}
{"level":"silly","message":{"data":{"invoices":[],"limit":10,"offset":0,"total":0,"totalUnpaid":0},"status":"ok"},"module":"events","timestamp":"2023-07-31T19:47:50.902Z"}
{"level":"silly","message":"netPromise > pefcl:getAccounts > RequestObj","module":"events","timestamp":"2023-07-31T19:47:50.982Z"}
{"level":"silly","message":{"data":null,"source":1},"module":"events","timestamp":"2023-07-31T19:47:50.983Z"}
{"level":"debug","message":"Retrieving accounts","module":"accounts","timestamp":"2023-07-31T19:47:50.983Z"}
{"level":"silly","message":"netPromise > pefcl:getTransactions > RequestObj","module":"events","timestamp":"2023-07-31T19:47:50.984Z"}
{"level":"silly","message":{"data":{"limit":5,"offset":0},"source":1},"module":"events","timestamp":"2023-07-31T19:47:50.985Z"}
{"level":"silly","message":"Getting transactions","module":"transactionService","timestamp":"2023-07-31T19:47:50.985Z"}
{"level":"silly","message":{"data":{"limit":5,"offset":0},"source":1},"module":"transactionService","timestamp":"2023-07-31T19:47:50.986Z"}
{"level":"silly","message":"netPromise > pefcl:getTransactions > RequestObj","module":"events","timestamp":"2023-07-31T19:47:50.988Z"}
{"level":"silly","message":{"data":{"limit":5,"offset":0},"source":1},"module":"events","timestamp":"2023-07-31T19:47:50.988Z"}
{"level":"silly","message":"Getting transactions","module":"transactionService","timestamp":"2023-07-31T19:47:50.989Z"}
{"level":"silly","message":{"data":{"limit":5,"offset":0},"source":1},"module":"transactionService","timestamp":"2023-07-31T19:47:50.989Z"}
{"level":"silly","message":"Response Promise Event pefcl:getAccounts:b3077f94-b811-4cbc-b063-e5222d46ef3a (21.6869ms), Data >>","module":"events","timestamp":"2023-07-31T19:47:51.004Z"}
{"level":"silly","message":{"data":[{"accountName":"Personal account","balance":999999,"createdAt":"31/07/2023, 20:47:02","deletedAt":null,"id":1,"isDefault":true,"number":"920,0602-0734-2344","ownerIdentifier":"WMS95917","role":"owner","type":"personal","updatedAt":"2023-07-31T19:47:44.000Z"}],"status":"ok"},"module":"events","timestamp":"2023-07-31T19:47:51.005Z"}
{"level":"silly","message":"Returned total of 0 transactions.","module":"transactionService","timestamp":"2023-07-31T19:47:51.013Z"}
{"level":"silly","message":"Response Promise Event pefcl:getTransactions:a6fccb07-084a-4936-bcaf-ad98b33e2d32 (29.8689ms), Data >>","module":"events","timestamp":"2023-07-31T19:47:51.014Z"}
{"level":"silly","message":{"data":{"limit":5,"offset":0,"total":0,"transactions":[]},"status":"ok"},"module":"events","timestamp":"2023-07-31T19:47:51.015Z"}
{"level":"silly","message":"Returned total of 0 transactions.","module":"transactionService","timestamp":"2023-07-31T19:47:51.016Z"}
{"level":"silly","message":"Response Promise Event pefcl:getTransactions:e8947851-21e7-48b0-a495-c31cec95c811 (28.4108ms), Data >>","module":"events","timestamp":"2023-07-31T19:47:51.016Z"}
{"level":"silly","message":{"data":{"limit":5,"offset":0,"total":0,"transactions":[]},"status":"ok"},"module":"events","timestamp":"2023-07-31T19:47:51.017Z"}
{"level":"silly","message":"netPromise > pefcl:getExternalAccount > RequestObj","module":"events","timestamp":"2023-07-31T19:47:57.565Z"}
{"level":"silly","message":{"data":null,"source":1},"module":"events","timestamp":"2023-07-31T19:47:57.565Z"}
{"level":"silly","message":"Response Promise Event pefcl:getExternalAccount:4a6fb06c-e121-4989-84e1-72d5e29b1409 (2.5342ms), Data >>","module":"events","timestamp":"2023-07-31T19:47:57.567Z"}
{"level":"silly","message":{"data":[],"status":"ok"},"module":"events","timestamp":"2023-07-31T19:47:57.568Z"}
{"level":"silly","message":"netPromise > pefcl:getTransactions > RequestObj","module":"events","timestamp":"2023-07-31T19:47:57.667Z"}
{"level":"silly","message":{"data":{"limit":10,"offset":0,"total":0,"transactions":[]},"source":1},"module":"events","timestamp":"2023-07-31T19:47:57.668Z"}
{"level":"silly","message":"Getting transactions","module":"transactionService","timestamp":"2023-07-31T19:47:57.669Z"}
{"level":"silly","message":{"data":{"limit":10,"offset":0,"total":0,"transactions":[]},"source":1},"module":"transactionService","timestamp":"2023-07-31T19:47:57.669Z"}
{"level":"silly","message":"Returned total of 0 transactions.","module":"transactionService","timestamp":"2023-07-31T19:47:57.679Z"}
{"level":"silly","message":"Response Promise Event pefcl:getTransactions:778fbfc5-67bc-42eb-90ad-7beda7b1d178 (12.7569ms), Data >>","module":"events","timestamp":"2023-07-31T19:47:57.680Z"}
{"level":"silly","message":{"data":{"limit":10,"offset":0,"total":0,"transactions":[]},"status":"ok"},"module":"events","timestamp":"2023-07-31T19:47:57.681Z"}
{"level":"silly","message":"netPromise > pefcl:getAccounts > RequestObj","module":"events","timestamp":"2023-07-31T19:48:02.731Z"}
{"level":"silly","message":{"data":null,"source":1},"module":"events","timestamp":"2023-07-31T19:48:02.732Z"}
{"level":"debug","message":"Retrieving accounts","module":"accounts","timestamp":"2023-07-31T19:48:02.732Z"}
{"level":"silly","message":"netPromise > pefcl:getTransactions > RequestObj","module":"events","timestamp":"2023-07-31T19:48:02.733Z"}
{"level":"silly","message":{"data":{"limit":5,"offset":0},"source":1},"module":"events","timestamp":"2023-07-31T19:48:02.733Z"}
{"level":"silly","message":"Getting transactions","module":"transactionService","timestamp":"2023-07-31T19:48:02.733Z"}
{"level":"silly","message":{"data":{"limit":5,"offset":0},"source":1},"module":"transactionService","timestamp":"2023-07-31T19:48:02.734Z"}
{"level":"silly","message":"Response Promise Event pefcl:getAccounts:56034a70-e951-477b-b289-6700211ab9c8 (12.1182ms), Data >>","module":"events","timestamp":"2023-07-31T19:48:02.743Z"}
{"level":"silly","message":{"data":[{"accountName":"Personal account","balance":999999,"createdAt":"31/07/2023, 20:47:02","deletedAt":null,"id":1,"isDefault":true,"number":"920,0602-0734-2344","ownerIdentifier":"WMS95917","role":"owner","type":"personal","updatedAt":"2023-07-31T19:47:44.000Z"}],"status":"ok"},"module":"events","timestamp":"2023-07-31T19:48:02.744Z"}
{"level":"silly","message":"Returned total of 0 transactions.","module":"transactionService","timestamp":"2023-07-31T19:48:02.749Z"}
{"level":"silly","message":"Response Promise Event pefcl:getTransactions:88a7a8e1-4394-48c2-937c-e8af36ed8dda (16.905ms), Data >>","module":"events","timestamp":"2023-07-31T19:48:02.750Z"}
{"level":"silly","message":{"data":{"limit":5,"offset":0,"total":0,"transactions":[]},"status":"ok"},"module":"events","timestamp":"2023-07-31T19:48:02.753Z"}
{"level":"silly","message":"netPromise > pefcl:getTransactions > RequestObj","module":"events","timestamp":"2023-07-31T19:48:02.782Z"}
{"level":"silly","message":{"data":{"limit":5,"offset":0},"source":1},"module":"events","timestamp":"2023-07-31T19:48:02.783Z"}
{"level":"silly","message":"Getting transactions","module":"transactionService","timestamp":"2023-07-31T19:48:02.783Z"}
{"level":"silly","message":{"data":{"limit":5,"offset":0},"source":1},"module":"transactionService","timestamp":"2023-07-31T19:48:02.784Z"}
{"level":"silly","message":"Returned total of 0 transactions.","module":"transactionService","timestamp":"2023-07-31T19:48:02.794Z"}
{"level":"silly","message":"Response Promise Event pefcl:getTransactions:cf03f959-11c4-4d89-b47f-8e28fe49a5b9 (12.4725ms), Data >>","module":"events","timestamp":"2023-07-31T19:48:02.795Z"}
{"level":"silly","message":{"data":{"limit":5,"offset":0,"total":0,"transactions":[]},"status":"ok"},"module":"events","timestamp":"2023-07-31T19:48:02.795Z"}
{"level":"silly","message":"netPromise > pefcl:getInvoices > RequestObj","module":"events","timestamp":"2023-07-31T19:48:15.711Z"}
{"level":"silly","message":{"data":{"invoices":[],"limit":10,"offset":0,"total":0,"totalUnpaid":0},"source":1},"module":"events","timestamp":"2023-07-31T19:48:15.712Z"}
{"level":"silly","message":"Fetching user invoices ..","module":"invoice-service","timestamp":"2023-07-31T19:48:15.712Z"}
{"level":"silly","message":"Response Promise Event pefcl:getInvoices:b9080a61-3ea9-4adf-894c-8cd159fca634 (6.9491ms), Data >>","module":"events","timestamp":"2023-07-31T19:48:15.718Z"}
{"level":"silly","message":{"data":{"invoices":[],"limit":10,"offset":0,"total":0,"totalUnpaid":0},"status":"ok"},"module":"events","timestamp":"2023-07-31T19:48:15.719Z"}
{"level":"silly","message":"netPromise > pefcl:getAccounts > RequestObj","module":"events","timestamp":"2023-07-31T19:48:15.762Z"}
{"level":"silly","message":{"data":null,"source":1},"module":"events","timestamp":"2023-07-31T19:48:15.762Z"}
{"level":"debug","message":"Retrieving accounts","module":"accounts","timestamp":"2023-07-31T19:48:15.763Z"}
{"level":"silly","message":"Response Promise Event pefcl:getAccounts:d1f0b3da-f024-4f98-a431-82c8bda0be39 (8.6705ms), Data >>","module":"events","timestamp":"2023-07-31T19:48:15.770Z"}
{"level":"silly","message":{"data":[{"accountName":"Personal account","balance":999999,"createdAt":"31/07/2023, 20:47:02","deletedAt":null,"id":1,"isDefault":true,"number":"920,0602-0734-2344","ownerIdentifier":"WMS95917","role":"owner","type":"personal","updatedAt":"2023-07-31T19:47:44.000Z"}],"status":"ok"},"module":"events","timestamp":"2023-07-31T19:48:15.771Z"}
{"level":"silly","message":"netPromise > pefcl:getAccounts > RequestObj","module":"events","timestamp":"2023-07-31T19:48:15.811Z"}
{"level":"silly","message":{"data":null,"source":1},"module":"events","timestamp":"2023-07-31T19:48:15.812Z"}
{"level":"debug","message":"Retrieving accounts","module":"accounts","timestamp":"2023-07-31T19:48:15.812Z"}
{"level":"silly","message":"netPromise > pefcl:getTransactions > RequestObj","module":"events","timestamp":"2023-07-31T19:48:15.813Z"}
{"level":"silly","message":{"data":{"limit":5,"offset":0},"source":1},"module":"events","timestamp":"2023-07-31T19:48:15.813Z"}
{"level":"silly","message":"Getting transactions","module":"transactionService","timestamp":"2023-07-31T19:48:15.813Z"}
{"level":"silly","message":{"data":{"limit":5,"offset":0},"source":1},"module":"transactionService","timestamp":"2023-07-31T19:48:15.815Z"}
{"level":"silly","message":"netPromise > pefcl:getTransactions > RequestObj","module":"events","timestamp":"2023-07-31T19:48:15.817Z"}
{"level":"silly","message":{"data":{"limit":5,"offset":0},"source":1},"module":"events","timestamp":"2023-07-31T19:48:15.818Z"}
{"level":"silly","message":"Getting transactions","module":"transactionService","timestamp":"2023-07-31T19:48:15.818Z"}
{"level":"silly","message":{"data":{"limit":5,"offset":0},"source":1},"module":"transactionService","timestamp":"2023-07-31T19:48:15.819Z"}
{"level":"silly","message":"Response Promise Event pefcl:getAccounts:8cc25fe3-0250-4381-b9f2-6b7fa8d2eb01 (19.2842ms), Data >>","module":"events","timestamp":"2023-07-31T19:48:15.831Z"}
{"level":"silly","message":{"data":[{"accountName":"Personal account","balance":999999,"createdAt":"31/07/2023, 20:47:02","deletedAt":null,"id":1,"isDefault":true,"number":"920,0602-0734-2344","ownerIdentifier":"WMS95917","role":"owner","type":"personal","updatedAt":"2023-07-31T19:47:44.000Z"}],"status":"ok"},"module":"events","timestamp":"2023-07-31T19:48:15.832Z"}
{"level":"silly","message":"Returned total of 0 transactions.","module":"transactionService","timestamp":"2023-07-31T19:48:15.839Z"}
{"level":"silly","message":"Response Promise Event pefcl:getTransactions:6bb24f39-ee90-4295-8537-b8ced27994a3 (26.4944ms), Data >>","module":"events","timestamp":"2023-07-31T19:48:15.840Z"}
{"level":"silly","message":{"data":{"limit":5,"offset":0,"total":0,"transactions":[]},"status":"ok"},"module":"events","timestamp":"2023-07-31T19:48:15.840Z"}
{"level":"silly","message":"Returned total of 0 transactions.","module":"transactionService","timestamp":"2023-07-31T19:48:15.841Z"}
{"level":"silly","message":"Response Promise Event pefcl:getTransactions:dadba2c6-7d22-4b62-a543-e18e7c10e505 (24.143ms), Data >>","module":"events","timestamp":"2023-07-31T19:48:15.842Z"}
{"level":"silly","message":{"data":{"limit":5,"offset":0,"total":0,"transactions":[]},"status":"ok"},"module":"events","timestamp":"2023-07-31T19:48:15.842Z"}
{"level":"debug","message":"Initializing...","module":"base","timestamp":"2023-07-31T19:58:59.776Z"}
{"level":"debug","message":"Initialized Boot controller","module":"base","timestamp":"2023-07-31T19:58:59.782Z"}
{"level":"debug","message":"Initialized User controller","module":"base","timestamp":"2023-07-31T19:58:59.783Z"}
{"level":"debug","message":"Initialized Cash controller","module":"base","timestamp":"2023-07-31T19:58:59.783Z"}
{"level":"debug","message":"Initialized Invoice controller","module":"base","timestamp":"2023-07-31T19:58:59.784Z"}
{"level":"debug","message":"Initialized Account controller","module":"base","timestamp":"2023-07-31T19:58:59.784Z"}
{"level":"debug","message":"Initialized Transaction controller","module":"base","timestamp":"2023-07-31T19:58:59.785Z"}
{"level":"debug","message":"Initialized Broadcast controller","module":"base","timestamp":"2023-07-31T19:58:59.785Z"}
{"level":"debug","message":"Loading language from config: en","module":"i18n","timestamp":"2023-07-31T19:58:59.786Z"}
{"level":"debug","message":"Checking database connection ..","module":"boot","timestamp":"2023-07-31T19:59:02.020Z"}
{"level":"debug","message":"Connected to database.","module":"boot","timestamp":"2023-07-31T19:59:02.362Z"}
{"level":"info","message":"Framework integration is enabled.","module":"boot","timestamp":"2023-07-31T19:59:02.363Z"}
{"level":"debug","message":"Verifying exports ..","module":"boot","timestamp":"2023-07-31T19:59:02.365Z"}
{"level":"debug","message":"Checking exports from resource: qb-pefcl","module":"frameworkIntegration","timestamp":"2023-07-31T19:59:02.366Z"}
{"level":"info","message":"Starting pefcl.","module":"boot","timestamp":"2023-07-31T19:59:02.368Z"}
{"level":"debug","message":"Loading player for pefcl.","module":"user","timestamp":"2023-07-31T20:00:23.248Z"}
{"level":"debug","message":{"identifier":"WMS95917","name":"Aidan Test","source":1},"module":"user","timestamp":"2023-07-31T20:00:23.249Z"}
{"level":"debug","message":"Player loaded. Emitting: pefcl:userLoaded","module":"user","timestamp":"2023-07-31T20:00:23.252Z"}
{"level":"silly","message":"Checking if default account exists for source: 1","module":"accounts","timestamp":"2023-07-31T20:00:23.281Z"}
{"level":"silly","message":"Identifier: WMS95917","module":"accounts","timestamp":"2023-07-31T20:00:23.282Z"}
{"level":"silly","message":"Default account exists.","module":"accounts","timestamp":"2023-07-31T20:00:23.369Z"}
{"level":"silly","message":"netPromise > pefcl:getAccounts > RequestObj","module":"events","timestamp":"2023-07-31T20:00:23.637Z"}
{"level":"silly","message":{"data":null,"source":1},"module":"events","timestamp":"2023-07-31T20:00:23.639Z"}
{"level":"debug","message":"Retrieving accounts","module":"accounts","timestamp":"2023-07-31T20:00:23.640Z"}
{"level":"silly","message":"Response Promise Event pefcl:getAccounts:2c0948a4-79d7-4b71-a057-bb793b27acc6 (21.2669ms), Data >>","module":"events","timestamp":"2023-07-31T20:00:23.659Z"}
{"level":"silly","message":{"data":[{"accountName":"Personal account","balance":999999,"createdAt":"31/07/2023, 20:47:02","deletedAt":null,"id":1,"isDefault":true,"number":"920,0602-0734-2344","ownerIdentifier":"WMS95917","role":"owner","type":"personal","updatedAt":"2023-07-31T19:47:44.000Z"}],"status":"ok"},"module":"events","timestamp":"2023-07-31T20:00:23.660Z"}
{"level":"silly","message":"Setting money to 1 for 1 ..","module":"accounts","timestamp":"2023-07-31T20:03:33.884Z"}
{"level":"silly","message":"Broadcasting new balance for default account ..","module":"broadcastService","timestamp":"2023-07-31T20:03:33.941Z"}
{"level":"silly","message":"Broadcasted new balance for default account!","module":"broadcastService","timestamp":"2023-07-31T20:03:33.941Z"}
{"level":"silly","message":{"balance":1,"identifier":"WMS95917","source":1},"module":"broadcastService","timestamp":"2023-07-31T20:03:33.942Z"}
{"level":"silly","message":"Broadcasting new balance for account ..","module":"broadcastService","timestamp":"2023-07-31T20:03:33.942Z"}
{"level":"silly","message":"Broadcasted new balance for personal account:","module":"broadcastService","timestamp":"2023-07-31T20:03:33.943Z"}
{"level":"silly","message":{"balance":1,"identifier":"WMS95917","source":1},"module":"broadcastService","timestamp":"2023-07-31T20:03:33.943Z"}
{"level":"debug","message":"Initializing...","module":"base","timestamp":"2023-07-31T20:12:47.818Z"}
{"level":"debug","message":"Initialized Boot controller","module":"base","timestamp":"2023-07-31T20:12:47.825Z"}
{"level":"debug","message":"Initialized User controller","module":"base","timestamp":"2023-07-31T20:12:47.826Z"}
{"level":"debug","message":"Initialized Cash controller","module":"base","timestamp":"2023-07-31T20:12:47.827Z"}
{"level":"debug","message":"Initialized Invoice controller","module":"base","timestamp":"2023-07-31T20:12:47.827Z"}
{"level":"debug","message":"Initialized Account controller","module":"base","timestamp":"2023-07-31T20:12:47.828Z"}
{"level":"debug","message":"Initialized Transaction controller","module":"base","timestamp":"2023-07-31T20:12:47.829Z"}
{"level":"debug","message":"Initialized Broadcast controller","module":"base","timestamp":"2023-07-31T20:12:47.830Z"}
{"level":"debug","message":"Loading language from config: en","module":"i18n","timestamp":"2023-07-31T20:12:47.831Z"}
{"level":"debug","message":"Checking database connection ..","module":"boot","timestamp":"2023-07-31T20:12:49.958Z"}
{"level":"debug","message":"Connected to database.","module":"boot","timestamp":"2023-07-31T20:12:50.202Z"}
{"level":"info","message":"Framework integration is enabled.","module":"boot","timestamp":"2023-07-31T20:12:50.203Z"}
{"level":"debug","message":"Verifying exports ..","module":"boot","timestamp":"2023-07-31T20:12:50.204Z"}
{"level":"debug","message":"Checking exports from resource: qb-pefcl","module":"frameworkIntegration","timestamp":"2023-07-31T20:12:50.205Z"}
{"level":"info","message":"Starting pefcl.","module":"boot","timestamp":"2023-07-31T20:12:50.207Z"}
{"level":"debug","message":"Loading player for pefcl.","module":"user","timestamp":"2023-07-31T20:14:24.234Z"}
{"level":"debug","message":{"identifier":"WMS95917","name":"Aidan Test","source":1},"module":"user","timestamp":"2023-07-31T20:14:24.235Z"}
{"level":"debug","message":"Player loaded. Emitting: pefcl:userLoaded","module":"user","timestamp":"2023-07-31T20:14:24.239Z"}
{"level":"silly","message":"Checking if default account exists for source: 1","module":"accounts","timestamp":"2023-07-31T20:14:24.270Z"}
{"level":"silly","message":"Identifier: WMS95917","module":"accounts","timestamp":"2023-07-31T20:14:24.272Z"}
{"level":"silly","message":"Default account exists.","module":"accounts","timestamp":"2023-07-31T20:14:24.279Z"}
{"level":"silly","message":"netPromise > pefcl:getAccounts > RequestObj","module":"events","timestamp":"2023-07-31T20:14:25.127Z"}
{"level":"silly","message":{"data":null,"source":1},"module":"events","timestamp":"2023-07-31T20:14:25.127Z"}
{"level":"debug","message":"Retrieving accounts","module":"accounts","timestamp":"2023-07-31T20:14:25.128Z"}
{"level":"silly","message":"Response Promise Event pefcl:getAccounts:06260559-a97f-4646-9c74-4e10c88f45b8 (16.1473ms), Data >>","module":"events","timestamp":"2023-07-31T20:14:25.143Z"}
{"level":"silly","message":{"data":[{"accountName":"Personal account","balance":1,"createdAt":"31/07/2023, 20:47:02","deletedAt":null,"id":1,"isDefault":true,"number":"920,0602-0734-2344","ownerIdentifier":"WMS95917","role":"owner","type":"personal","updatedAt":"2023-07-31T20:03:33.000Z"}],"status":"ok"},"module":"events","timestamp":"2023-07-31T20:14:25.144Z"}
{"level":"debug","message":"Initializing...","module":"base","timestamp":"2023-07-31T20:34:12.348Z"}
{"level":"debug","message":"Initialized Boot controller","module":"base","timestamp":"2023-07-31T20:34:12.357Z"}
{"level":"debug","message":"Initialized User controller","module":"base","timestamp":"2023-07-31T20:34:12.358Z"}
{"level":"debug","message":"Initialized Cash controller","module":"base","timestamp":"2023-07-31T20:34:12.359Z"}
{"level":"debug","message":"Initialized Invoice controller","module":"base","timestamp":"2023-07-31T20:34:12.360Z"}
{"level":"debug","message":"Initialized Account controller","module":"base","timestamp":"2023-07-31T20:34:12.360Z"}
{"level":"debug","message":"Initialized Transaction controller","module":"base","timestamp":"2023-07-31T20:34:12.361Z"}
{"level":"debug","message":"Initialized Broadcast controller","module":"base","timestamp":"2023-07-31T20:34:12.362Z"}
{"level":"debug","message":"Loading language from config: en","module":"i18n","timestamp":"2023-07-31T20:34:12.363Z"}
{"level":"debug","message":"Checking database connection ..","module":"boot","timestamp":"2023-07-31T20:34:15.483Z"}
{"level":"debug","message":"Connected to database.","module":"boot","timestamp":"2023-07-31T20:34:15.747Z"}
{"level":"info","message":"Framework integration is enabled.","module":"boot","timestamp":"2023-07-31T20:34:15.748Z"}
{"level":"debug","message":"Verifying exports ..","module":"boot","timestamp":"2023-07-31T20:34:15.748Z"}
{"level":"debug","message":"Checking exports from resource: qb-pefcl","module":"frameworkIntegration","timestamp":"2023-07-31T20:34:15.750Z"}
{"level":"info","message":"Starting pefcl.","module":"boot","timestamp":"2023-07-31T20:34:15.752Z"}
{"level":"debug","message":"Loading player for pefcl.","module":"user","timestamp":"2023-07-31T20:36:44.521Z"}
{"level":"debug","message":{"identifier":"WMS95917","name":"Aidan Test","source":1},"module":"user","timestamp":"2023-07-31T20:36:44.522Z"}
{"level":"debug","message":"Player loaded. Emitting: pefcl:userLoaded","module":"user","timestamp":"2023-07-31T20:36:44.526Z"}
{"level":"silly","message":"Checking if default account exists for source: 1","module":"accounts","timestamp":"2023-07-31T20:36:44.554Z"}
{"level":"silly","message":"Identifier: WMS95917","module":"accounts","timestamp":"2023-07-31T20:36:44.555Z"}
{"level":"silly","message":"Default account exists.","module":"accounts","timestamp":"2023-07-31T20:36:44.560Z"}
{"level":"silly","message":"netPromise > pefcl:getAccounts > RequestObj","module":"events","timestamp":"2023-07-31T20:36:45.422Z"}
{"level":"silly","message":{"data":null,"source":1},"module":"events","timestamp":"2023-07-31T20:36:45.423Z"}
{"level":"debug","message":"Retrieving accounts","module":"accounts","timestamp":"2023-07-31T20:36:45.424Z"}
{"level":"silly","message":"Response Promise Event pefcl:getAccounts:05614293-4956-47cc-bf90-4d4a1aed17cc (24.4909ms), Data >>","module":"events","timestamp":"2023-07-31T20:36:45.447Z"}
{"level":"silly","message":{"data":[{"accountName":"Personal account","balance":1,"createdAt":"31/07/2023, 20:47:02","deletedAt":null,"id":1,"isDefault":true,"number":"920,0602-0734-2344","ownerIdentifier":"WMS95917","role":"owner","type":"personal","updatedAt":"2023-07-31T20:03:33.000Z"}],"status":"ok"},"module":"events","timestamp":"2023-07-31T20:36:45.448Z"}
{"level":"debug","message":"Creating unique account ..","module":"accounts","timestamp":"2023-07-31T20:43:00.256Z"}
{"level":"silly","message":"Broadcasting new balance for default account ..","module":"broadcastService","timestamp":"2023-07-31T20:43:00.344Z"}
{"level":"silly","message":"Broadcasting new balance for account ..","module":"broadcastService","timestamp":"2023-07-31T20:43:00.344Z"}
{"level":"debug","message":"Created unique account!","module":"accounts","timestamp":"2023-07-31T20:43:00.346Z"}
{"level":"debug","message":{"accountName":"Los Santos Police","balance":500,"createdAt":1690836180261,"id":2,"isDefault":true,"number":"920,1824-1453-0667","ownerIdentifier":"police","role":"owner","type":"shared","updatedAt":"2023-07-31T20:43:00.261Z"},"module":"accounts","timestamp":"2023-07-31T20:43:00.347Z"}
{"level":"debug","message":"Adding user to unique account ..","module":"accounts","timestamp":"2023-07-31T20:43:00.349Z"}
{"level":"silly","message":"netPromise > pefcl:getAccounts > RequestObj","module":"events","timestamp":"2023-07-31T20:43:00.554Z"}
{"level":"silly","message":{"data":null,"source":1},"module":"events","timestamp":"2023-07-31T20:43:00.555Z"}
{"level":"debug","message":"Retrieving accounts","module":"accounts","timestamp":"2023-07-31T20:43:00.555Z"}
{"level":"silly","message":"Response Promise Event pefcl:getAccounts:9aae04ae-6fcc-43f6-8e74-8120d60e252f (9.9581ms), Data >>","module":"events","timestamp":"2023-07-31T20:43:00.564Z"}
{"level":"silly","message":{"data":[{"accountName":"Personal account","balance":1,"createdAt":"31/07/2023, 20:47:02","deletedAt":null,"id":1,"isDefault":true,"number":"920,0602-0734-2344","ownerIdentifier":"WMS95917","role":"owner","type":"personal","updatedAt":"2023-07-31T20:03:33.000Z"},{"accountName":"Los Santos Police","balance":500,"createdAt":"31/07/2023, 21:43:00","deletedAt":null,"id":2,"isDefault":true,"number":"920,1824-1453-0667","ownerIdentifier":"police","role":"admin","type":"shared","updatedAt":"2023-07-31T20:43:00.000Z"}],"status":"ok"},"module":"events","timestamp":"2023-07-31T20:43:00.565Z"}
{"level":"silly","message":"Adding money to 1 ..","module":"accounts","timestamp":"2023-07-31T20:44:06.516Z"}
{"level":"silly","message":"Broadcasting new balance for default account ..","module":"broadcastService","timestamp":"2023-07-31T20:44:06.529Z"}
{"level":"silly","message":"Broadcasted new balance for default account!","module":"broadcastService","timestamp":"2023-07-31T20:44:06.530Z"}
{"level":"silly","message":{"balance":151,"identifier":"WMS95917","source":1},"module":"broadcastService","timestamp":"2023-07-31T20:44:06.530Z"}
{"level":"silly","message":"Broadcasting new balance for account ..","module":"broadcastService","timestamp":"2023-07-31T20:44:06.531Z"}
{"level":"silly","message":"Broadcasted new balance for personal account:","module":"broadcastService","timestamp":"2023-07-31T20:44:06.531Z"}
{"level":"silly","message":{"balance":151,"identifier":"WMS95917","source":1},"module":"broadcastService","timestamp":"2023-07-31T20:44:06.532Z"}
{"level":"silly","message":"Created transaction.","module":"transactionService","timestamp":"2023-07-31T20:44:06.533Z"}
{"amount":150,"level":"silly","message":"paycheck","module":"transactionService","timestamp":"2023-07-31T20:44:06.533Z","toAccount":{"accountName":"Personal account","balance":151,"createdAt":1690832822000,"deletedAt":null,"id":1,"isDefault":true,"number":"920,0602-0734-2344","ownerIdentifier":"WMS95917","role":"owner","type":"personal","updatedAt":"2023-07-31T20:44:06.526Z"},"type":"Incoming"}
{"level":"silly","message":"Emitting pefcl:newTransaction","module":"transactionService","timestamp":"2023-07-31T20:44:06.591Z"}
{"level":"silly","message":"Broadcasted transaction:","module":"broadcastService","timestamp":"2023-07-31T20:44:06.593Z"}
{"level":"silly","message":"{\"amount\":150,\"message\":\"paycheck #1\",\"toAccount\":{\"createdAt\":1690832822000,\"id\":1,\"number\":\"920,0602-0734-2344\",\"accountName\":\"Personal account\",\"isDefault\":true,\"ownerIdentifier\":\"WMS95917\",\"role\":\"owner\",\"balance\":151,\"type\":\"personal\",\"updatedAt\":{},\"deletedAt\":null},\"type\":\"Incoming\",\"level\":\"silly\",\"createdAt\":1690836246534,\"id\":1,\"updatedAt\":{},\"toAccountId\":1,\"fromAccountId\":null}","module":"broadcastService","timestamp":"2023-07-31T20:44:06.594Z"}
{"level":"silly","message":"(toAccount) Broadcasting new transaction to src: 1, identifier: WMS95917","module":"broadcastService","timestamp":"2023-07-31T20:44:06.595Z"}
{"level":"silly","message":"netPromise > pefcl:getTransactions > RequestObj","module":"events","timestamp":"2023-07-31T20:44:06.664Z"}
{"level":"silly","message":{"data":{"limit":10,"offset":0,"total":0,"transactions":[]},"source":1},"module":"events","timestamp":"2023-07-31T20:44:06.665Z"}
{"level":"silly","message":"Getting transactions","module":"transactionService","timestamp":"2023-07-31T20:44:06.666Z"}
{"level":"silly","message":{"data":{"limit":10,"offset":0,"total":0,"transactions":[]},"source":1},"module":"transactionService","timestamp":"2023-07-31T20:44:06.666Z"}
{"level":"silly","message":"Returned total of 1 transactions.","module":"transactionService","timestamp":"2023-07-31T20:44:06.688Z"}
{"level":"silly","message":"Response Promise Event pefcl:getTransactions:5a379c22-34f6-47b3-9548-ea25800fb098 (23.9628ms), Data >>","module":"events","timestamp":"2023-07-31T20:44:06.689Z"}
{"level":"silly","message":{"data":{"limit":10,"offset":0,"total":1,"transactions":[{"amount":150,"createdAt":1690836246000,"fromAccount":null,"fromAccountId":null,"id":1,"message":"paycheck #1","toAccount":{"accountName":"Personal account","balance":151,"createdAt":1690832822000,"deletedAt":null,"id":1,"isDefault":true,"number":"920,0602-0734-2344","ownerIdentifier":"WMS95917","role":"owner","type":"personal","updatedAt":"2023-07-31T20:44:06.000Z"},"toAccountId":1,"type":"Incoming","updatedAt":"2023-07-31T20:44:06.000Z"}]},"status":"ok"},"module":"events","timestamp":"2023-07-31T20:44:06.689Z"}
